<?xml version="1.0" encoding="UTF-8"?>
<!-- Generated by org.testng.reporters.JUnitReportReporter -->
<testsuite hostname="LAPTOP-D35LO39P" failures="0" tests="4" name="AppSuite" time="11.662" errors="0" timestamp="2021-12-28T14:44:44 CST" skipped="0">
  <testcase classname="AppSuite" name="launchBrowser" time="7.065"/>
  <system-out/>
  <testcase classname="AppSuite" name="searchDress" time="1.339"/>
  <system-out/>
  <testcase classname="AppSuite" name="navigateHome" time="2.618"/>
  <system-out/>
  <testcase classname="AppSuite" name="quitBrowser" time="0.640"/>
  <system-out/>
</testsuite> <!-- AppSuite -->
